2023-11-12 15:11:10,928 INFO c.a.E.EcomsApplication [main] Starting EcomsApplication using Java 17.0.7 with PID 13836 (C:\Users\oluwaseyi.akinbobola\Desktop\Java Projects\Ecoms\build\classes\java\main started by Oluwaseyi.Akinbobola in C:\Users\oluwaseyi.akinbobola\Desktop\Java Projects\Ecoms)
2023-11-12 15:11:10,929 DEBUG c.a.E.EcomsApplication [main] Running with Spring Boot v3.1.4, Spring v6.0.12
2023-11-12 15:11:10,929 INFO c.a.E.EcomsApplication [main] The following 1 profile is active: "Ecomms"
2023-11-12 15:11:16,818 ERROR o.s.b.SpringApplication [main] Application run failed
org.springframework.beans.factory.BeanCreationException: Error creating bean with name 'itemRepository' defined in com.akinnova.Ecoms.repository.ItemRepository defined in @EnableJpaRepositories declared on JpaRepositoriesRegistrar.EnableJpaRepositoriesConfiguration: Could not create query for public abstract void com.akinnova.Ecoms.repository.ItemRepository.deleteCartItemJoinById(java.util.List,java.util.UUID); Reason: Using named parameters for method public abstract void com.akinnova.Ecoms.repository.ItemRepository.deleteCartItemJoinById(java.util.List,java.util.UUID) but parameter 'Optional[cart_id]' not found in annotated query 'DELETE FROM cart_item AS ci WHERE ci.item_id in (:item_idList) AND ci.cart_id =: cartId '
	at org.springframework.beans.factory.support.AbstractAutowireCapableBeanFactory.initializeBean(AbstractAutowireCapableBeanFactory.java:1770)
	at org.springframework.beans.factory.support.AbstractAutowireCapableBeanFactory.doCreateBean(AbstractAutowireCapableBeanFactory.java:598)
	at org.springframework.beans.factory.support.AbstractAutowireCapableBeanFactory.createBean(AbstractAutowireCapableBeanFactory.java:520)
	at org.springframework.beans.factory.support.AbstractBeanFactory.lambda$doGetBean$0(AbstractBeanFactory.java:325)
	at org.springframework.beans.factory.support.DefaultSingletonBeanRegistry.getSingleton(DefaultSingletonBeanRegistry.java:234)
	at org.springframework.beans.factory.support.AbstractBeanFactory.doGetBean(AbstractBeanFactory.java:323)
	at org.springframework.beans.factory.support.AbstractBeanFactory.getBean(AbstractBeanFactory.java:199)
	at org.springframework.beans.factory.support.DefaultListableBeanFactory.preInstantiateSingletons(DefaultListableBeanFactory.java:967)
	at org.springframework.context.support.AbstractApplicationContext.finishBeanFactoryInitialization(AbstractApplicationContext.java:942)
	at org.springframework.context.support.AbstractApplicationContext.refresh(AbstractApplicationContext.java:608)
	at org.springframework.boot.web.servlet.context.ServletWebServerApplicationContext.refresh(ServletWebServerApplicationContext.java:146)
	at org.springframework.boot.SpringApplication.refresh(SpringApplication.java:737)
	at org.springframework.boot.SpringApplication.refreshContext(SpringApplication.java:439)
	at org.springframework.boot.SpringApplication.run(SpringApplication.java:315)
	at org.springframework.boot.SpringApplication.run(SpringApplication.java:1309)
	at org.springframework.boot.SpringApplication.run(SpringApplication.java:1298)
	at com.akinnova.Ecoms.EcomsApplication.main(EcomsApplication.java:17)
Caused by: org.springframework.data.repository.query.QueryCreationException: Could not create query for public abstract void com.akinnova.Ecoms.repository.ItemRepository.deleteCartItemJoinById(java.util.List,java.util.UUID); Reason: Using named parameters for method public abstract void com.akinnova.Ecoms.repository.ItemRepository.deleteCartItemJoinById(java.util.List,java.util.UUID) but parameter 'Optional[cart_id]' not found in annotated query 'DELETE FROM cart_item AS ci WHERE ci.item_id in (:item_idList) AND ci.cart_id =: cartId '
	at org.springframework.data.repository.query.QueryCreationException.create(QueryCreationException.java:101)
	at org.springframework.data.repository.core.support.QueryExecutorMethodInterceptor.lookupQuery(QueryExecutorMethodInterceptor.java:115)
	at org.springframework.data.repository.core.support.QueryExecutorMethodInterceptor.mapMethodsToQuery(QueryExecutorMethodInterceptor.java:99)
	at org.springframework.data.repository.core.support.QueryExecutorMethodInterceptor.lambda$new$0(QueryExecutorMethodInterceptor.java:88)
	at java.base/java.util.Optional.map(Optional.java:260)
	at org.springframework.data.repository.core.support.QueryExecutorMethodInterceptor.<init>(QueryExecutorMethodInterceptor.java:88)
	at org.springframework.data.repository.core.support.RepositoryFactorySupport.getRepository(RepositoryFactorySupport.java:357)
	at org.springframework.data.repository.core.support.RepositoryFactoryBeanSupport.lambda$afterPropertiesSet$5(RepositoryFactoryBeanSupport.java:279)
	at org.springframework.data.util.Lazy.getNullable(Lazy.java:245)
	at org.springframework.data.util.Lazy.get(Lazy.java:114)
	at org.springframework.data.repository.core.support.RepositoryFactoryBeanSupport.afterPropertiesSet(RepositoryFactoryBeanSupport.java:285)
	at org.springframework.data.jpa.repository.support.JpaRepositoryFactoryBean.afterPropertiesSet(JpaRepositoryFactoryBean.java:132)
	at org.springframework.beans.factory.support.AbstractAutowireCapableBeanFactory.invokeInitMethods(AbstractAutowireCapableBeanFactory.java:1817)
	at org.springframework.beans.factory.support.AbstractAutowireCapableBeanFactory.initializeBean(AbstractAutowireCapableBeanFactory.java:1766)
	... 16 common frames omitted
Caused by: java.lang.IllegalStateException: Using named parameters for method public abstract void com.akinnova.Ecoms.repository.ItemRepository.deleteCartItemJoinById(java.util.List,java.util.UUID) but parameter 'Optional[cart_id]' not found in annotated query 'DELETE FROM cart_item AS ci WHERE ci.item_id in (:item_idList) AND ci.cart_id =: cartId '
	at org.springframework.data.jpa.repository.query.JpaQueryMethod.assertParameterNamesInAnnotatedQuery(JpaQueryMethod.java:179)
	at org.springframework.data.jpa.repository.query.JpaQueryMethod.<init>(JpaQueryMethod.java:146)
	at org.springframework.data.jpa.repository.query.DefaultJpaQueryMethodFactory.build(DefaultJpaQueryMethodFactory.java:44)
	at org.springframework.data.jpa.repository.query.JpaQueryLookupStrategy$AbstractQueryLookupStrategy.resolveQuery(JpaQueryLookupStrategy.java:94)
	at org.springframework.data.repository.core.support.QueryExecutorMethodInterceptor.lookupQuery(QueryExecutorMethodInterceptor.java:111)
	... 28 common frames omitted
2023-11-12 15:20:53,635 INFO c.a.E.EcomsApplication [main] Starting EcomsApplication using Java 17.0.7 with PID 18336 (C:\Users\oluwaseyi.akinbobola\Desktop\Java Projects\Ecoms\build\classes\java\main started by Oluwaseyi.Akinbobola in C:\Users\oluwaseyi.akinbobola\Desktop\Java Projects\Ecoms)
2023-11-12 15:20:53,636 DEBUG c.a.E.EcomsApplication [main] Running with Spring Boot v3.1.4, Spring v6.0.12
2023-11-12 15:20:53,636 INFO c.a.E.EcomsApplication [main] The following 1 profile is active: "Ecomms"
2023-11-12 15:21:00,598 ERROR o.s.b.SpringApplication [main] Application run failed
org.springframework.beans.factory.BeanCreationException: Error creating bean with name 'itemRepository' defined in com.akinnova.Ecoms.repository.ItemRepository defined in @EnableJpaRepositories declared on JpaRepositoriesRegistrar.EnableJpaRepositoriesConfiguration: Could not create query for public abstract void com.akinnova.Ecoms.repository.ItemRepository.deleteCartItemJoinById(java.util.List,java.util.UUID); Reason: Using named parameters for method public abstract void com.akinnova.Ecoms.repository.ItemRepository.deleteCartItemJoinById(java.util.List,java.util.UUID) but parameter 'Optional[cartId]' not found in annotated query 'DELETE FROM cart_item AS ci WHERE ci.item_id in (:item_idList) AND ci.cart_id =: cartId '
	at org.springframework.beans.factory.support.AbstractAutowireCapableBeanFactory.initializeBean(AbstractAutowireCapableBeanFactory.java:1770)
	at org.springframework.beans.factory.support.AbstractAutowireCapableBeanFactory.doCreateBean(AbstractAutowireCapableBeanFactory.java:598)
	at org.springframework.beans.factory.support.AbstractAutowireCapableBeanFactory.createBean(AbstractAutowireCapableBeanFactory.java:520)
	at org.springframework.beans.factory.support.AbstractBeanFactory.lambda$doGetBean$0(AbstractBeanFactory.java:325)
	at org.springframework.beans.factory.support.DefaultSingletonBeanRegistry.getSingleton(DefaultSingletonBeanRegistry.java:234)
	at org.springframework.beans.factory.support.AbstractBeanFactory.doGetBean(AbstractBeanFactory.java:323)
	at org.springframework.beans.factory.support.AbstractBeanFactory.getBean(AbstractBeanFactory.java:199)
	at org.springframework.beans.factory.support.DefaultListableBeanFactory.preInstantiateSingletons(DefaultListableBeanFactory.java:967)
	at org.springframework.context.support.AbstractApplicationContext.finishBeanFactoryInitialization(AbstractApplicationContext.java:942)
	at org.springframework.context.support.AbstractApplicationContext.refresh(AbstractApplicationContext.java:608)
	at org.springframework.boot.web.servlet.context.ServletWebServerApplicationContext.refresh(ServletWebServerApplicationContext.java:146)
	at org.springframework.boot.SpringApplication.refresh(SpringApplication.java:737)
	at org.springframework.boot.SpringApplication.refreshContext(SpringApplication.java:439)
	at org.springframework.boot.SpringApplication.run(SpringApplication.java:315)
	at org.springframework.boot.SpringApplication.run(SpringApplication.java:1309)
	at org.springframework.boot.SpringApplication.run(SpringApplication.java:1298)
	at com.akinnova.Ecoms.EcomsApplication.main(EcomsApplication.java:17)
Caused by: org.springframework.data.repository.query.QueryCreationException: Could not create query for public abstract void com.akinnova.Ecoms.repository.ItemRepository.deleteCartItemJoinById(java.util.List,java.util.UUID); Reason: Using named parameters for method public abstract void com.akinnova.Ecoms.repository.ItemRepository.deleteCartItemJoinById(java.util.List,java.util.UUID) but parameter 'Optional[cartId]' not found in annotated query 'DELETE FROM cart_item AS ci WHERE ci.item_id in (:item_idList) AND ci.cart_id =: cartId '
	at org.springframework.data.repository.query.QueryCreationException.create(QueryCreationException.java:101)
	at org.springframework.data.repository.core.support.QueryExecutorMethodInterceptor.lookupQuery(QueryExecutorMethodInterceptor.java:115)
	at org.springframework.data.repository.core.support.QueryExecutorMethodInterceptor.mapMethodsToQuery(QueryExecutorMethodInterceptor.java:99)
	at org.springframework.data.repository.core.support.QueryExecutorMethodInterceptor.lambda$new$0(QueryExecutorMethodInterceptor.java:88)
	at java.base/java.util.Optional.map(Optional.java:260)
	at org.springframework.data.repository.core.support.QueryExecutorMethodInterceptor.<init>(QueryExecutorMethodInterceptor.java:88)
	at org.springframework.data.repository.core.support.RepositoryFactorySupport.getRepository(RepositoryFactorySupport.java:357)
	at org.springframework.data.repository.core.support.RepositoryFactoryBeanSupport.lambda$afterPropertiesSet$5(RepositoryFactoryBeanSupport.java:279)
	at org.springframework.data.util.Lazy.getNullable(Lazy.java:245)
	at org.springframework.data.util.Lazy.get(Lazy.java:114)
	at org.springframework.data.repository.core.support.RepositoryFactoryBeanSupport.afterPropertiesSet(RepositoryFactoryBeanSupport.java:285)
	at org.springframework.data.jpa.repository.support.JpaRepositoryFactoryBean.afterPropertiesSet(JpaRepositoryFactoryBean.java:132)
	at org.springframework.beans.factory.support.AbstractAutowireCapableBeanFactory.invokeInitMethods(AbstractAutowireCapableBeanFactory.java:1817)
	at org.springframework.beans.factory.support.AbstractAutowireCapableBeanFactory.initializeBean(AbstractAutowireCapableBeanFactory.java:1766)
	... 16 common frames omitted
Caused by: java.lang.IllegalStateException: Using named parameters for method public abstract void com.akinnova.Ecoms.repository.ItemRepository.deleteCartItemJoinById(java.util.List,java.util.UUID) but parameter 'Optional[cartId]' not found in annotated query 'DELETE FROM cart_item AS ci WHERE ci.item_id in (:item_idList) AND ci.cart_id =: cartId '
	at org.springframework.data.jpa.repository.query.JpaQueryMethod.assertParameterNamesInAnnotatedQuery(JpaQueryMethod.java:179)
	at org.springframework.data.jpa.repository.query.JpaQueryMethod.<init>(JpaQueryMethod.java:146)
	at org.springframework.data.jpa.repository.query.DefaultJpaQueryMethodFactory.build(DefaultJpaQueryMethodFactory.java:44)
	at org.springframework.data.jpa.repository.query.JpaQueryLookupStrategy$AbstractQueryLookupStrategy.resolveQuery(JpaQueryLookupStrategy.java:94)
	at org.springframework.data.repository.core.support.QueryExecutorMethodInterceptor.lookupQuery(QueryExecutorMethodInterceptor.java:111)
	... 28 common frames omitted
2023-11-12 15:22:37,930 INFO c.a.E.EcomsApplication [main] Starting EcomsApplication using Java 17.0.7 with PID 17816 (C:\Users\oluwaseyi.akinbobola\Desktop\Java Projects\Ecoms\build\classes\java\main started by Oluwaseyi.Akinbobola in C:\Users\oluwaseyi.akinbobola\Desktop\Java Projects\Ecoms)
2023-11-12 15:22:37,931 DEBUG c.a.E.EcomsApplication [main] Running with Spring Boot v3.1.4, Spring v6.0.12
2023-11-12 15:22:37,932 INFO c.a.E.EcomsApplication [main] The following 1 profile is active: "Ecomms"
2023-11-12 15:22:43,856 ERROR o.s.b.SpringApplication [main] Application run failed
org.springframework.beans.factory.BeanCreationException: Error creating bean with name 'itemRepository' defined in com.akinnova.Ecoms.repository.ItemRepository defined in @EnableJpaRepositories declared on JpaRepositoriesRegistrar.EnableJpaRepositoriesConfiguration: Could not create query for public abstract void com.akinnova.Ecoms.repository.ItemRepository.deleteCartItemJoinById(java.util.List,java.util.Optional); Reason: Using named parameters for method public abstract void com.akinnova.Ecoms.repository.ItemRepository.deleteCartItemJoinById(java.util.List,java.util.Optional) but parameter 'Optional[cartId]' not found in annotated query 'DELETE FROM cart_item AS ci WHERE ci.item_id in (:item_idList) AND ci.cart_id =: cartId '
	at org.springframework.beans.factory.support.AbstractAutowireCapableBeanFactory.initializeBean(AbstractAutowireCapableBeanFactory.java:1770)
	at org.springframework.beans.factory.support.AbstractAutowireCapableBeanFactory.doCreateBean(AbstractAutowireCapableBeanFactory.java:598)
	at org.springframework.beans.factory.support.AbstractAutowireCapableBeanFactory.createBean(AbstractAutowireCapableBeanFactory.java:520)
	at org.springframework.beans.factory.support.AbstractBeanFactory.lambda$doGetBean$0(AbstractBeanFactory.java:325)
	at org.springframework.beans.factory.support.DefaultSingletonBeanRegistry.getSingleton(DefaultSingletonBeanRegistry.java:234)
	at org.springframework.beans.factory.support.AbstractBeanFactory.doGetBean(AbstractBeanFactory.java:323)
	at org.springframework.beans.factory.support.AbstractBeanFactory.getBean(AbstractBeanFactory.java:199)
	at org.springframework.beans.factory.support.DefaultListableBeanFactory.preInstantiateSingletons(DefaultListableBeanFactory.java:967)
	at org.springframework.context.support.AbstractApplicationContext.finishBeanFactoryInitialization(AbstractApplicationContext.java:942)
	at org.springframework.context.support.AbstractApplicationContext.refresh(AbstractApplicationContext.java:608)
	at org.springframework.boot.web.servlet.context.ServletWebServerApplicationContext.refresh(ServletWebServerApplicationContext.java:146)
	at org.springframework.boot.SpringApplication.refresh(SpringApplication.java:737)
	at org.springframework.boot.SpringApplication.refreshContext(SpringApplication.java:439)
	at org.springframework.boot.SpringApplication.run(SpringApplication.java:315)
	at org.springframework.boot.SpringApplication.run(SpringApplication.java:1309)
	at org.springframework.boot.SpringApplication.run(SpringApplication.java:1298)
	at com.akinnova.Ecoms.EcomsApplication.main(EcomsApplication.java:17)
Caused by: org.springframework.data.repository.query.QueryCreationException: Could not create query for public abstract void com.akinnova.Ecoms.repository.ItemRepository.deleteCartItemJoinById(java.util.List,java.util.Optional); Reason: Using named parameters for method public abstract void com.akinnova.Ecoms.repository.ItemRepository.deleteCartItemJoinById(java.util.List,java.util.Optional) but parameter 'Optional[cartId]' not found in annotated query 'DELETE FROM cart_item AS ci WHERE ci.item_id in (:item_idList) AND ci.cart_id =: cartId '
	at org.springframework.data.repository.query.QueryCreationException.create(QueryCreationException.java:101)
	at org.springframework.data.repository.core.support.QueryExecutorMethodInterceptor.lookupQuery(QueryExecutorMethodInterceptor.java:115)
	at org.springframework.data.repository.core.support.QueryExecutorMethodInterceptor.mapMethodsToQuery(QueryExecutorMethodInterceptor.java:99)
	at org.springframework.data.repository.core.support.QueryExecutorMethodInterceptor.lambda$new$0(QueryExecutorMethodInterceptor.java:88)
	at java.base/java.util.Optional.map(Optional.java:260)
	at org.springframework.data.repository.core.support.QueryExecutorMethodInterceptor.<init>(QueryExecutorMethodInterceptor.java:88)
	at org.springframework.data.repository.core.support.RepositoryFactorySupport.getRepository(RepositoryFactorySupport.java:357)
	at org.springframework.data.repository.core.support.RepositoryFactoryBeanSupport.lambda$afterPropertiesSet$5(RepositoryFactoryBeanSupport.java:279)
	at org.springframework.data.util.Lazy.getNullable(Lazy.java:245)
	at org.springframework.data.util.Lazy.get(Lazy.java:114)
	at org.springframework.data.repository.core.support.RepositoryFactoryBeanSupport.afterPropertiesSet(RepositoryFactoryBeanSupport.java:285)
	at org.springframework.data.jpa.repository.support.JpaRepositoryFactoryBean.afterPropertiesSet(JpaRepositoryFactoryBean.java:132)
	at org.springframework.beans.factory.support.AbstractAutowireCapableBeanFactory.invokeInitMethods(AbstractAutowireCapableBeanFactory.java:1817)
	at org.springframework.beans.factory.support.AbstractAutowireCapableBeanFactory.initializeBean(AbstractAutowireCapableBeanFactory.java:1766)
	... 16 common frames omitted
Caused by: java.lang.IllegalStateException: Using named parameters for method public abstract void com.akinnova.Ecoms.repository.ItemRepository.deleteCartItemJoinById(java.util.List,java.util.Optional) but parameter 'Optional[cartId]' not found in annotated query 'DELETE FROM cart_item AS ci WHERE ci.item_id in (:item_idList) AND ci.cart_id =: cartId '
	at org.springframework.data.jpa.repository.query.JpaQueryMethod.assertParameterNamesInAnnotatedQuery(JpaQueryMethod.java:179)
	at org.springframework.data.jpa.repository.query.JpaQueryMethod.<init>(JpaQueryMethod.java:146)
	at org.springframework.data.jpa.repository.query.DefaultJpaQueryMethodFactory.build(DefaultJpaQueryMethodFactory.java:44)
	at org.springframework.data.jpa.repository.query.JpaQueryLookupStrategy$AbstractQueryLookupStrategy.resolveQuery(JpaQueryLookupStrategy.java:94)
	at org.springframework.data.repository.core.support.QueryExecutorMethodInterceptor.lookupQuery(QueryExecutorMethodInterceptor.java:111)
	... 28 common frames omitted
2023-11-12 15:23:45,001 INFO c.a.E.EcomsApplication [main] Starting EcomsApplication using Java 17.0.7 with PID 3940 (C:\Users\oluwaseyi.akinbobola\Desktop\Java Projects\Ecoms\build\classes\java\main started by Oluwaseyi.Akinbobola in C:\Users\oluwaseyi.akinbobola\Desktop\Java Projects\Ecoms)
2023-11-12 15:23:45,002 DEBUG c.a.E.EcomsApplication [main] Running with Spring Boot v3.1.4, Spring v6.0.12
2023-11-12 15:23:45,003 INFO c.a.E.EcomsApplication [main] The following 1 profile is active: "Ecomms"
2023-11-12 15:23:51,600 INFO c.a.E.EcomsApplication [main] Started EcomsApplication in 7.011 seconds (process running for 7.678)
2023-11-12 15:24:37,681 INFO c.a.E.EcomsApplication [main] Starting EcomsApplication using Java 17.0.7 with PID 17732 (C:\Users\oluwaseyi.akinbobola\Desktop\Java Projects\Ecoms\build\classes\java\main started by Oluwaseyi.Akinbobola in C:\Users\oluwaseyi.akinbobola\Desktop\Java Projects\Ecoms)
2023-11-12 15:24:37,682 DEBUG c.a.E.EcomsApplication [main] Running with Spring Boot v3.1.4, Spring v6.0.12
2023-11-12 15:24:37,683 INFO c.a.E.EcomsApplication [main] The following 1 profile is active: "Ecomms"
2023-11-12 15:24:43,734 INFO c.a.E.EcomsApplication [main] Started EcomsApplication in 6.476 seconds (process running for 7.137)
2023-11-12 15:30:30,739 INFO c.a.E.EcomsApplication [main] Starting EcomsApplication using Java 17.0.7 with PID 15648 (C:\Users\oluwaseyi.akinbobola\Desktop\Java Projects\Ecoms\build\classes\java\main started by Oluwaseyi.Akinbobola in C:\Users\oluwaseyi.akinbobola\Desktop\Java Projects\Ecoms)
2023-11-12 15:30:30,741 DEBUG c.a.E.EcomsApplication [main] Running with Spring Boot v3.1.4, Spring v6.0.12
2023-11-12 15:30:30,741 INFO c.a.E.EcomsApplication [main] The following 1 profile is active: "Ecomms"
2023-11-12 15:30:37,195 INFO c.a.E.EcomsApplication [main] Started EcomsApplication in 7.087 seconds (process running for 7.718)
